<?xml version="1.0" encoding="UTF-8"?>
<!-- Generated by org.testng.reporters.JUnitReportReporter -->
<testsuite skipped="0" hostname="PPP-MBS" name="com.expedia.flightsbooking.TestNG_Grouping" tests="4" failures="0" timestamp="2020-03-17T09:32:32 CDT" time="0.053" errors="0">
  <testcase name="AudiA6" time="0.030" classname="com.expedia.flightsbooking.TestNG_Grouping"/>
  <system-out/>
  <testcase name="BMWX3" time="0.010" classname="com.expedia.flightsbooking.TestNG_Grouping"/>
  <system-out/>
  <testcase name="BMW3Series" time="0.007" classname="com.expedia.flightsbooking.TestNG_Grouping"/>
  <system-out/>
  <testcase name="HondaAccord" time="0.006" classname="com.expedia.flightsbooking.TestNG_Grouping"/>
  <system-out/>
</testsuite> <!-- com.expedia.flightsbooking.TestNG_Grouping -->
