<?xml version="1.0" encoding="UTF-8"?>
<!-- Generated by org.testng.reporters.JUnitReportReporter -->
<testsuite skipped="0" hostname="PPP-MBS" name="flightsbooking.TestNG_Grouping" tests="4" failures="0" timestamp="2020-03-17T09:27:32 CDT" time="0.023" errors="0">
  <testcase name="BMW3Series" time="0.003" classname="flightsbooking.TestNG_Grouping"/>
  <system-out/>
  <testcase name="HondaAccord" time="0.002" classname="flightsbooking.TestNG_Grouping"/>
  <system-out/>
  <testcase name="AudiA6" time="0.013" classname="flightsbooking.TestNG_Grouping"/>
  <system-out/>
  <testcase name="BMWX3" time="0.005" classname="flightsbooking.TestNG_Grouping"/>
  <system-out/>
</testsuite> <!-- flightsbooking.TestNG_Grouping -->
