<?xml version="1.0" encoding="UTF-8"?>
<!-- Generated by org.testng.reporters.JUnitReportReporter -->
<testsuite skipped="0" hostname="PPP-MBS" name="com.expedia.flightsbooking.TestNG_TestSuite" tests="1" failures="0" timestamp="2020-03-18T09:56:40 CDT" time="12.519" errors="0">
  <testcase name="fillBasicInfo" time="12.519" classname="com.expedia.flightsbooking.TestNG_TestSuite"/>
  <system-out/>
</testsuite> <!-- com.expedia.flightsbooking.TestNG_TestSuite -->
